<?xml version="1.0" encoding="UTF-8"?>
<testsuite xmlns:xsi="http://www.w3.org/2001/XMLSchema-instance" xsi:noNamespaceSchemaLocation="https://maven.apache.org/surefire/maven-surefire-plugin/xsd/surefire-test-report.xsd" version="3.0.1" name="uva.tds.base.UsuarioTest" time="0.046" tests="26" errors="0" skipped="0" failures="0">
  <properties>
[...]
</properties>
  <testcase name="testAddReresrva" classname="uva.tds.base.UsuarioTest" time="0.001"/>
  <testcase name="testConstructoCuandoNifEsNull" classname="uva.tds.base.UsuarioTest" time="0.002"/>
  <testcase name="testEliminarReservaIdNulo" classname="uva.tds.base.UsuarioTest" time="0.001"/>
  <testcase name="testAddRecompensa" classname="uva.tds.base.UsuarioTest" time="0.001"/>
  <testcase name="testNifMayorLimiteSuperior" classname="uva.tds.base.UsuarioTest" time="0.001"/>
  <testcase name="testAddRecompensaNula" classname="uva.tds.base.UsuarioTest" time="0.004"/>
  <testcase name="testNifMenorLimiteInferior" classname="uva.tds.base.UsuarioTest" time="0.002"/>
  <testcase name="testAddRereservaNula" classname="uva.tds.base.UsuarioTest" time="0.002"/>
  <testcase name="testEqualsOtraClase" classname="uva.tds.base.UsuarioTest" time="0.0"/>
  <testcase name="testNombreMenorLimiteInfeior" classname="uva.tds.base.UsuarioTest" time="0.002"/>
  <testcase name="testEliminarReserva" classname="uva.tds.base.UsuarioTest" time="0.002"/>
  <testcase name="testEqualsNulo" classname="uva.tds.base.UsuarioTest" time="0.0"/>
  <testcase name="testAddRecompensaPuntuacionInferior" classname="uva.tds.base.UsuarioTest" time="0.001"/>
  <testcase name="testLimiteSuperior" classname="uva.tds.base.UsuarioTest" time="0.001"/>
  <testcase name="testPuntuacionMenorLimiteInferior" classname="uva.tds.base.UsuarioTest" time="0.003"/>
  <testcase name="testNifLetraMayorLimiteSuperior" classname="uva.tds.base.UsuarioTest" time="0.001"/>
  <testcase name="testAddAlquiler" classname="uva.tds.base.UsuarioTest" time="0.0"/>
  <testcase name="testAddRecompensaInactiva" classname="uva.tds.base.UsuarioTest" time="0.0"/>
  <testcase name="testConstructoCuandoNombreEsNull" classname="uva.tds.base.UsuarioTest" time="0.0"/>
  <testcase name="testNifLetraMenorLimiteInferior" classname="uva.tds.base.UsuarioTest" time="0.001"/>
  <testcase name="testAddRereservaDuplicada" classname="uva.tds.base.UsuarioTest" time="0.0"/>
  <testcase name="testNombreMayorLimiteSuperior" classname="uva.tds.base.UsuarioTest" time="0.003"/>
  <testcase name="testAddAlquilerNulo" classname="uva.tds.base.UsuarioTest" time="0.003"/>
  <testcase name="testLimiteInferior" classname="uva.tds.base.UsuarioTest" time="0.0"/>
  <testcase name="testAlquilerDuplicado" classname="uva.tds.base.UsuarioTest" time="0.003"/>
  <testcase name="testAddRecompensaDuplicada" classname="uva.tds.base.UsuarioTest" time="0.003"/>
</testsuite>