-------------------------------------------------------------------------------
Test set: uva.tds.gestorenpersistencia.GestorRutaEnPersistenciaTest
-------------------------------------------------------------------------------
Tests run: 9, Failures: 0, Errors: 9, Skipped: 0, Time elapsed: 0.017 s <<< FAILURE! -- in uva.tds.gestorenpersistencia.GestorRutaEnPersistenciaTest
uva.tds.gestorenpersistencia.GestorRutaEnPersistenciaTest.testAñadirRuta -- Time elapsed: 0.004 s <<< ERROR!
java.lang.NoClassDefFoundError: Could not initialize class uva.tds.base.HibernateUtil
	at uva.tds.implementaciones.RutaRepositorio.getSession(RutaRepositorio.java:20)
	at uva.tds.implementaciones.RutaRepositorio.clearDatabase(RutaRepositorio.java:118)
	at uva.tds.gestorenpersistencia.GestorRutaEnPersistenciaTest.limpiarBaseDeDatos(GestorRutaEnPersistenciaTest.java:52)
	at java.base/java.lang.reflect.Method.invoke(Method.java:568)
	at java.base/java.util.ArrayList.forEach(ArrayList.java:1511)
	at java.base/java.util.ArrayList.forEach(ArrayList.java:1511)
Caused by: java.lang.ExceptionInInitializerError: Exception org.hibernate.service.spi.ServiceException: Unable to create requested service [org.hibernate.engine.jdbc.env.spi.JdbcEnvironment] [in thread "main"]
	at org.hibernate.service.internal.AbstractServiceRegistryImpl.createService(AbstractServiceRegistryImpl.java:275)
	at org.hibernate.service.internal.AbstractServiceRegistryImpl.initializeService(AbstractServiceRegistryImpl.java:237)
	at org.hibernate.service.internal.AbstractServiceRegistryImpl.getService(AbstractServiceRegistryImpl.java:214)
	at org.hibernate.id.factory.internal.DefaultIdentifierGeneratorFactory.injectServices(DefaultIdentifierGeneratorFactory.java:175)
	at org.hibernate.service.internal.AbstractServiceRegistryImpl.injectDependencies(AbstractServiceRegistryImpl.java:286)
	at org.hibernate.service.internal.AbstractServiceRegistryImpl.initializeService(AbstractServiceRegistryImpl.java:243)
	at org.hibernate.service.internal.AbstractServiceRegistryImpl.getService(AbstractServiceRegistryImpl.java:214)
	at org.hibernate.boot.internal.InFlightMetadataCollectorImpl.<init>(InFlightMetadataCollectorImpl.java:173)
	at org.hibernate.boot.model.process.spi.MetadataBuildingProcess.complete(MetadataBuildingProcess.java:127)
	at org.hibernate.boot.model.process.spi.MetadataBuildingProcess.build(MetadataBuildingProcess.java:86)
	at org.hibernate.boot.internal.MetadataBuilderImpl.build(MetadataBuilderImpl.java:479)
	at org.hibernate.boot.internal.MetadataBuilderImpl.build(MetadataBuilderImpl.java:85)
	at org.hibernate.boot.MetadataSources.buildMetadata(MetadataSources.java:202)
	at uva.tds.base.HibernateUtil.buildSessionFactory(HibernateUtil.java:18)
	at uva.tds.base.HibernateUtil.<clinit>(HibernateUtil.java:9)
	at uva.tds.implementaciones.RecompensaRepositorio.getSession(RecompensaRepositorio.java:21)
	at uva.tds.implementaciones.RecompensaRepositorio.clearDatabase(RecompensaRepositorio.java:179)
	at uva.tds.gestorenpersistencia.GestorRecompensaEnPersistenciaTest.limpiarBaseDeDatos(GestorRecompensaEnPersistenciaTest.java:39)
	... 3 more

uva.tds.gestorenpersistencia.GestorRutaEnPersistenciaTest.testAñadirRutaExistente -- Time elapsed: 0.002 s <<< ERROR!
java.lang.NoClassDefFoundError: Could not initialize class uva.tds.base.HibernateUtil
	at uva.tds.implementaciones.RutaRepositorio.getSession(RutaRepositorio.java:20)
	at uva.tds.implementaciones.RutaRepositorio.clearDatabase(RutaRepositorio.java:118)
	at uva.tds.gestorenpersistencia.GestorRutaEnPersistenciaTest.limpiarBaseDeDatos(GestorRutaEnPersistenciaTest.java:52)
	at java.base/java.lang.reflect.Method.invoke(Method.java:568)
	at java.base/java.util.ArrayList.forEach(ArrayList.java:1511)
	at java.base/java.util.ArrayList.forEach(ArrayList.java:1511)
Caused by: java.lang.ExceptionInInitializerError: Exception org.hibernate.service.spi.ServiceException: Unable to create requested service [org.hibernate.engine.jdbc.env.spi.JdbcEnvironment] [in thread "main"]
	at org.hibernate.service.internal.AbstractServiceRegistryImpl.createService(AbstractServiceRegistryImpl.java:275)
	at org.hibernate.service.internal.AbstractServiceRegistryImpl.initializeService(AbstractServiceRegistryImpl.java:237)
	at org.hibernate.service.internal.AbstractServiceRegistryImpl.getService(AbstractServiceRegistryImpl.java:214)
	at org.hibernate.id.factory.internal.DefaultIdentifierGeneratorFactory.injectServices(DefaultIdentifierGeneratorFactory.java:175)
	at org.hibernate.service.internal.AbstractServiceRegistryImpl.injectDependencies(AbstractServiceRegistryImpl.java:286)
	at org.hibernate.service.internal.AbstractServiceRegistryImpl.initializeService(AbstractServiceRegistryImpl.java:243)
	at org.hibernate.service.internal.AbstractServiceRegistryImpl.getService(AbstractServiceRegistryImpl.java:214)
	at org.hibernate.boot.internal.InFlightMetadataCollectorImpl.<init>(InFlightMetadataCollectorImpl.java:173)
	at org.hibernate.boot.model.process.spi.MetadataBuildingProcess.complete(MetadataBuildingProcess.java:127)
	at org.hibernate.boot.model.process.spi.MetadataBuildingProcess.build(MetadataBuildingProcess.java:86)
	at org.hibernate.boot.internal.MetadataBuilderImpl.build(MetadataBuilderImpl.java:479)
	at org.hibernate.boot.internal.MetadataBuilderImpl.build(MetadataBuilderImpl.java:85)
	at org.hibernate.boot.MetadataSources.buildMetadata(MetadataSources.java:202)
	at uva.tds.base.HibernateUtil.buildSessionFactory(HibernateUtil.java:18)
	at uva.tds.base.HibernateUtil.<clinit>(HibernateUtil.java:9)
	at uva.tds.implementaciones.RecompensaRepositorio.getSession(RecompensaRepositorio.java:21)
	at uva.tds.implementaciones.RecompensaRepositorio.clearDatabase(RecompensaRepositorio.java:179)
	at uva.tds.gestorenpersistencia.GestorRecompensaEnPersistenciaTest.limpiarBaseDeDatos(GestorRecompensaEnPersistenciaTest.java:39)
	... 3 more

uva.tds.gestorenpersistencia.GestorRutaEnPersistenciaTest.testObtenerRutasPorUsuarioSinRutas -- Time elapsed: 0.001 s <<< ERROR!
java.lang.NoClassDefFoundError: Could not initialize class uva.tds.base.HibernateUtil
	at uva.tds.implementaciones.RutaRepositorio.getSession(RutaRepositorio.java:20)
	at uva.tds.implementaciones.RutaRepositorio.clearDatabase(RutaRepositorio.java:118)
	at uva.tds.gestorenpersistencia.GestorRutaEnPersistenciaTest.limpiarBaseDeDatos(GestorRutaEnPersistenciaTest.java:52)
	at java.base/java.lang.reflect.Method.invoke(Method.java:568)
	at java.base/java.util.ArrayList.forEach(ArrayList.java:1511)
	at java.base/java.util.ArrayList.forEach(ArrayList.java:1511)
Caused by: java.lang.ExceptionInInitializerError: Exception org.hibernate.service.spi.ServiceException: Unable to create requested service [org.hibernate.engine.jdbc.env.spi.JdbcEnvironment] [in thread "main"]
	at org.hibernate.service.internal.AbstractServiceRegistryImpl.createService(AbstractServiceRegistryImpl.java:275)
	at org.hibernate.service.internal.AbstractServiceRegistryImpl.initializeService(AbstractServiceRegistryImpl.java:237)
	at org.hibernate.service.internal.AbstractServiceRegistryImpl.getService(AbstractServiceRegistryImpl.java:214)
	at org.hibernate.id.factory.internal.DefaultIdentifierGeneratorFactory.injectServices(DefaultIdentifierGeneratorFactory.java:175)
	at org.hibernate.service.internal.AbstractServiceRegistryImpl.injectDependencies(AbstractServiceRegistryImpl.java:286)
	at org.hibernate.service.internal.AbstractServiceRegistryImpl.initializeService(AbstractServiceRegistryImpl.java:243)
	at org.hibernate.service.internal.AbstractServiceRegistryImpl.getService(AbstractServiceRegistryImpl.java:214)
	at org.hibernate.boot.internal.InFlightMetadataCollectorImpl.<init>(InFlightMetadataCollectorImpl.java:173)
	at org.hibernate.boot.model.process.spi.MetadataBuildingProcess.complete(MetadataBuildingProcess.java:127)
	at org.hibernate.boot.model.process.spi.MetadataBuildingProcess.build(MetadataBuildingProcess.java:86)
	at org.hibernate.boot.internal.MetadataBuilderImpl.build(MetadataBuilderImpl.java:479)
	at org.hibernate.boot.internal.MetadataBuilderImpl.build(MetadataBuilderImpl.java:85)
	at org.hibernate.boot.MetadataSources.buildMetadata(MetadataSources.java:202)
	at uva.tds.base.HibernateUtil.buildSessionFactory(HibernateUtil.java:18)
	at uva.tds.base.HibernateUtil.<clinit>(HibernateUtil.java:9)
	at uva.tds.implementaciones.RecompensaRepositorio.getSession(RecompensaRepositorio.java:21)
	at uva.tds.implementaciones.RecompensaRepositorio.clearDatabase(RecompensaRepositorio.java:179)
	at uva.tds.gestorenpersistencia.GestorRecompensaEnPersistenciaTest.limpiarBaseDeDatos(GestorRecompensaEnPersistenciaTest.java:39)
	... 3 more

uva.tds.gestorenpersistencia.GestorRutaEnPersistenciaTest.testObtenerRutasPorUsuario -- Time elapsed: 0.001 s <<< ERROR!
java.lang.NoClassDefFoundError: Could not initialize class uva.tds.base.HibernateUtil
	at uva.tds.implementaciones.RutaRepositorio.getSession(RutaRepositorio.java:20)
	at uva.tds.implementaciones.RutaRepositorio.clearDatabase(RutaRepositorio.java:118)
	at uva.tds.gestorenpersistencia.GestorRutaEnPersistenciaTest.limpiarBaseDeDatos(GestorRutaEnPersistenciaTest.java:52)
	at java.base/java.lang.reflect.Method.invoke(Method.java:568)
	at java.base/java.util.ArrayList.forEach(ArrayList.java:1511)
	at java.base/java.util.ArrayList.forEach(ArrayList.java:1511)
Caused by: java.lang.ExceptionInInitializerError: Exception org.hibernate.service.spi.ServiceException: Unable to create requested service [org.hibernate.engine.jdbc.env.spi.JdbcEnvironment] [in thread "main"]
	at org.hibernate.service.internal.AbstractServiceRegistryImpl.createService(AbstractServiceRegistryImpl.java:275)
	at org.hibernate.service.internal.AbstractServiceRegistryImpl.initializeService(AbstractServiceRegistryImpl.java:237)
	at org.hibernate.service.internal.AbstractServiceRegistryImpl.getService(AbstractServiceRegistryImpl.java:214)
	at org.hibernate.id.factory.internal.DefaultIdentifierGeneratorFactory.injectServices(DefaultIdentifierGeneratorFactory.java:175)
	at org.hibernate.service.internal.AbstractServiceRegistryImpl.injectDependencies(AbstractServiceRegistryImpl.java:286)
	at org.hibernate.service.internal.AbstractServiceRegistryImpl.initializeService(AbstractServiceRegistryImpl.java:243)
	at org.hibernate.service.internal.AbstractServiceRegistryImpl.getService(AbstractServiceRegistryImpl.java:214)
	at org.hibernate.boot.internal.InFlightMetadataCollectorImpl.<init>(InFlightMetadataCollectorImpl.java:173)
	at org.hibernate.boot.model.process.spi.MetadataBuildingProcess.complete(MetadataBuildingProcess.java:127)
	at org.hibernate.boot.model.process.spi.MetadataBuildingProcess.build(MetadataBuildingProcess.java:86)
	at org.hibernate.boot.internal.MetadataBuilderImpl.build(MetadataBuilderImpl.java:479)
	at org.hibernate.boot.internal.MetadataBuilderImpl.build(MetadataBuilderImpl.java:85)
	at org.hibernate.boot.MetadataSources.buildMetadata(MetadataSources.java:202)
	at uva.tds.base.HibernateUtil.buildSessionFactory(HibernateUtil.java:18)
	at uva.tds.base.HibernateUtil.<clinit>(HibernateUtil.java:9)
	at uva.tds.implementaciones.RecompensaRepositorio.getSession(RecompensaRepositorio.java:21)
	at uva.tds.implementaciones.RecompensaRepositorio.clearDatabase(RecompensaRepositorio.java:179)
	at uva.tds.gestorenpersistencia.GestorRecompensaEnPersistenciaTest.limpiarBaseDeDatos(GestorRecompensaEnPersistenciaTest.java:39)
	... 3 more

uva.tds.gestorenpersistencia.GestorRutaEnPersistenciaTest.testCalcularPuntuacionRuta -- Time elapsed: 0.001 s <<< ERROR!
java.lang.NoClassDefFoundError: Could not initialize class uva.tds.base.HibernateUtil
	at uva.tds.implementaciones.RutaRepositorio.getSession(RutaRepositorio.java:20)
	at uva.tds.implementaciones.RutaRepositorio.clearDatabase(RutaRepositorio.java:118)
	at uva.tds.gestorenpersistencia.GestorRutaEnPersistenciaTest.limpiarBaseDeDatos(GestorRutaEnPersistenciaTest.java:52)
	at java.base/java.lang.reflect.Method.invoke(Method.java:568)
	at java.base/java.util.ArrayList.forEach(ArrayList.java:1511)
	at java.base/java.util.ArrayList.forEach(ArrayList.java:1511)
Caused by: java.lang.ExceptionInInitializerError: Exception org.hibernate.service.spi.ServiceException: Unable to create requested service [org.hibernate.engine.jdbc.env.spi.JdbcEnvironment] [in thread "main"]
	at org.hibernate.service.internal.AbstractServiceRegistryImpl.createService(AbstractServiceRegistryImpl.java:275)
	at org.hibernate.service.internal.AbstractServiceRegistryImpl.initializeService(AbstractServiceRegistryImpl.java:237)
	at org.hibernate.service.internal.AbstractServiceRegistryImpl.getService(AbstractServiceRegistryImpl.java:214)
	at org.hibernate.id.factory.internal.DefaultIdentifierGeneratorFactory.injectServices(DefaultIdentifierGeneratorFactory.java:175)
	at org.hibernate.service.internal.AbstractServiceRegistryImpl.injectDependencies(AbstractServiceRegistryImpl.java:286)
	at org.hibernate.service.internal.AbstractServiceRegistryImpl.initializeService(AbstractServiceRegistryImpl.java:243)
	at org.hibernate.service.internal.AbstractServiceRegistryImpl.getService(AbstractServiceRegistryImpl.java:214)
	at org.hibernate.boot.internal.InFlightMetadataCollectorImpl.<init>(InFlightMetadataCollectorImpl.java:173)
	at org.hibernate.boot.model.process.spi.MetadataBuildingProcess.complete(MetadataBuildingProcess.java:127)
	at org.hibernate.boot.model.process.spi.MetadataBuildingProcess.build(MetadataBuildingProcess.java:86)
	at org.hibernate.boot.internal.MetadataBuilderImpl.build(MetadataBuilderImpl.java:479)
	at org.hibernate.boot.internal.MetadataBuilderImpl.build(MetadataBuilderImpl.java:85)
	at org.hibernate.boot.MetadataSources.buildMetadata(MetadataSources.java:202)
	at uva.tds.base.HibernateUtil.buildSessionFactory(HibernateUtil.java:18)
	at uva.tds.base.HibernateUtil.<clinit>(HibernateUtil.java:9)
	at uva.tds.implementaciones.RecompensaRepositorio.getSession(RecompensaRepositorio.java:21)
	at uva.tds.implementaciones.RecompensaRepositorio.clearDatabase(RecompensaRepositorio.java:179)
	at uva.tds.gestorenpersistencia.GestorRecompensaEnPersistenciaTest.limpiarBaseDeDatos(GestorRecompensaEnPersistenciaTest.java:39)
	... 3 more

uva.tds.gestorenpersistencia.GestorRutaEnPersistenciaTest.testBuscarRutaPorIdentificadorNoExistente -- Time elapsed: 0.001 s <<< ERROR!
java.lang.NoClassDefFoundError: Could not initialize class uva.tds.base.HibernateUtil
	at uva.tds.implementaciones.RutaRepositorio.getSession(RutaRepositorio.java:20)
	at uva.tds.implementaciones.RutaRepositorio.clearDatabase(RutaRepositorio.java:118)
	at uva.tds.gestorenpersistencia.GestorRutaEnPersistenciaTest.limpiarBaseDeDatos(GestorRutaEnPersistenciaTest.java:52)
	at java.base/java.lang.reflect.Method.invoke(Method.java:568)
	at java.base/java.util.ArrayList.forEach(ArrayList.java:1511)
	at java.base/java.util.ArrayList.forEach(ArrayList.java:1511)
Caused by: java.lang.ExceptionInInitializerError: Exception org.hibernate.service.spi.ServiceException: Unable to create requested service [org.hibernate.engine.jdbc.env.spi.JdbcEnvironment] [in thread "main"]
	at org.hibernate.service.internal.AbstractServiceRegistryImpl.createService(AbstractServiceRegistryImpl.java:275)
	at org.hibernate.service.internal.AbstractServiceRegistryImpl.initializeService(AbstractServiceRegistryImpl.java:237)
	at org.hibernate.service.internal.AbstractServiceRegistryImpl.getService(AbstractServiceRegistryImpl.java:214)
	at org.hibernate.id.factory.internal.DefaultIdentifierGeneratorFactory.injectServices(DefaultIdentifierGeneratorFactory.java:175)
	at org.hibernate.service.internal.AbstractServiceRegistryImpl.injectDependencies(AbstractServiceRegistryImpl.java:286)
	at org.hibernate.service.internal.AbstractServiceRegistryImpl.initializeService(AbstractServiceRegistryImpl.java:243)
	at org.hibernate.service.internal.AbstractServiceRegistryImpl.getService(AbstractServiceRegistryImpl.java:214)
	at org.hibernate.boot.internal.InFlightMetadataCollectorImpl.<init>(InFlightMetadataCollectorImpl.java:173)
	at org.hibernate.boot.model.process.spi.MetadataBuildingProcess.complete(MetadataBuildingProcess.java:127)
	at org.hibernate.boot.model.process.spi.MetadataBuildingProcess.build(MetadataBuildingProcess.java:86)
	at org.hibernate.boot.internal.MetadataBuilderImpl.build(MetadataBuilderImpl.java:479)
	at org.hibernate.boot.internal.MetadataBuilderImpl.build(MetadataBuilderImpl.java:85)
	at org.hibernate.boot.MetadataSources.buildMetadata(MetadataSources.java:202)
	at uva.tds.base.HibernateUtil.buildSessionFactory(HibernateUtil.java:18)
	at uva.tds.base.HibernateUtil.<clinit>(HibernateUtil.java:9)
	at uva.tds.implementaciones.RecompensaRepositorio.getSession(RecompensaRepositorio.java:21)
	at uva.tds.implementaciones.RecompensaRepositorio.clearDatabase(RecompensaRepositorio.java:179)
	at uva.tds.gestorenpersistencia.GestorRecompensaEnPersistenciaTest.limpiarBaseDeDatos(GestorRecompensaEnPersistenciaTest.java:39)
	... 3 more

uva.tds.gestorenpersistencia.GestorRutaEnPersistenciaTest.testBuscarRutaPorIdentificador -- Time elapsed: 0.001 s <<< ERROR!
java.lang.NoClassDefFoundError: Could not initialize class uva.tds.base.HibernateUtil
	at uva.tds.implementaciones.RutaRepositorio.getSession(RutaRepositorio.java:20)
	at uva.tds.implementaciones.RutaRepositorio.clearDatabase(RutaRepositorio.java:118)
	at uva.tds.gestorenpersistencia.GestorRutaEnPersistenciaTest.limpiarBaseDeDatos(GestorRutaEnPersistenciaTest.java:52)
	at java.base/java.lang.reflect.Method.invoke(Method.java:568)
	at java.base/java.util.ArrayList.forEach(ArrayList.java:1511)
	at java.base/java.util.ArrayList.forEach(ArrayList.java:1511)
Caused by: java.lang.ExceptionInInitializerError: Exception org.hibernate.service.spi.ServiceException: Unable to create requested service [org.hibernate.engine.jdbc.env.spi.JdbcEnvironment] [in thread "main"]
	at org.hibernate.service.internal.AbstractServiceRegistryImpl.createService(AbstractServiceRegistryImpl.java:275)
	at org.hibernate.service.internal.AbstractServiceRegistryImpl.initializeService(AbstractServiceRegistryImpl.java:237)
	at org.hibernate.service.internal.AbstractServiceRegistryImpl.getService(AbstractServiceRegistryImpl.java:214)
	at org.hibernate.id.factory.internal.DefaultIdentifierGeneratorFactory.injectServices(DefaultIdentifierGeneratorFactory.java:175)
	at org.hibernate.service.internal.AbstractServiceRegistryImpl.injectDependencies(AbstractServiceRegistryImpl.java:286)
	at org.hibernate.service.internal.AbstractServiceRegistryImpl.initializeService(AbstractServiceRegistryImpl.java:243)
	at org.hibernate.service.internal.AbstractServiceRegistryImpl.getService(AbstractServiceRegistryImpl.java:214)
	at org.hibernate.boot.internal.InFlightMetadataCollectorImpl.<init>(InFlightMetadataCollectorImpl.java:173)
	at org.hibernate.boot.model.process.spi.MetadataBuildingProcess.complete(MetadataBuildingProcess.java:127)
	at org.hibernate.boot.model.process.spi.MetadataBuildingProcess.build(MetadataBuildingProcess.java:86)
	at org.hibernate.boot.internal.MetadataBuilderImpl.build(MetadataBuilderImpl.java:479)
	at org.hibernate.boot.internal.MetadataBuilderImpl.build(MetadataBuilderImpl.java:85)
	at org.hibernate.boot.MetadataSources.buildMetadata(MetadataSources.java:202)
	at uva.tds.base.HibernateUtil.buildSessionFactory(HibernateUtil.java:18)
	at uva.tds.base.HibernateUtil.<clinit>(HibernateUtil.java:9)
	at uva.tds.implementaciones.RecompensaRepositorio.getSession(RecompensaRepositorio.java:21)
	at uva.tds.implementaciones.RecompensaRepositorio.clearDatabase(RecompensaRepositorio.java:179)
	at uva.tds.gestorenpersistencia.GestorRecompensaEnPersistenciaTest.limpiarBaseDeDatos(GestorRecompensaEnPersistenciaTest.java:39)
	... 3 more

uva.tds.gestorenpersistencia.GestorRutaEnPersistenciaTest.testCalcularPuntuacionRutaTiempoCero -- Time elapsed: 0.001 s <<< ERROR!
java.lang.NoClassDefFoundError: Could not initialize class uva.tds.base.HibernateUtil
	at uva.tds.implementaciones.RutaRepositorio.getSession(RutaRepositorio.java:20)
	at uva.tds.implementaciones.RutaRepositorio.clearDatabase(RutaRepositorio.java:118)
	at uva.tds.gestorenpersistencia.GestorRutaEnPersistenciaTest.limpiarBaseDeDatos(GestorRutaEnPersistenciaTest.java:52)
	at java.base/java.lang.reflect.Method.invoke(Method.java:568)
	at java.base/java.util.ArrayList.forEach(ArrayList.java:1511)
	at java.base/java.util.ArrayList.forEach(ArrayList.java:1511)
Caused by: java.lang.ExceptionInInitializerError: Exception org.hibernate.service.spi.ServiceException: Unable to create requested service [org.hibernate.engine.jdbc.env.spi.JdbcEnvironment] [in thread "main"]
	at org.hibernate.service.internal.AbstractServiceRegistryImpl.createService(AbstractServiceRegistryImpl.java:275)
	at org.hibernate.service.internal.AbstractServiceRegistryImpl.initializeService(AbstractServiceRegistryImpl.java:237)
	at org.hibernate.service.internal.AbstractServiceRegistryImpl.getService(AbstractServiceRegistryImpl.java:214)
	at org.hibernate.id.factory.internal.DefaultIdentifierGeneratorFactory.injectServices(DefaultIdentifierGeneratorFactory.java:175)
	at org.hibernate.service.internal.AbstractServiceRegistryImpl.injectDependencies(AbstractServiceRegistryImpl.java:286)
	at org.hibernate.service.internal.AbstractServiceRegistryImpl.initializeService(AbstractServiceRegistryImpl.java:243)
	at org.hibernate.service.internal.AbstractServiceRegistryImpl.getService(AbstractServiceRegistryImpl.java:214)
	at org.hibernate.boot.internal.InFlightMetadataCollectorImpl.<init>(InFlightMetadataCollectorImpl.java:173)
	at org.hibernate.boot.model.process.spi.MetadataBuildingProcess.complete(MetadataBuildingProcess.java:127)
	at org.hibernate.boot.model.process.spi.MetadataBuildingProcess.build(MetadataBuildingProcess.java:86)
	at org.hibernate.boot.internal.MetadataBuilderImpl.build(MetadataBuilderImpl.java:479)
	at org.hibernate.boot.internal.MetadataBuilderImpl.build(MetadataBuilderImpl.java:85)
	at org.hibernate.boot.MetadataSources.buildMetadata(MetadataSources.java:202)
	at uva.tds.base.HibernateUtil.buildSessionFactory(HibernateUtil.java:18)
	at uva.tds.base.HibernateUtil.<clinit>(HibernateUtil.java:9)
	at uva.tds.implementaciones.RecompensaRepositorio.getSession(RecompensaRepositorio.java:21)
	at uva.tds.implementaciones.RecompensaRepositorio.clearDatabase(RecompensaRepositorio.java:179)
	at uva.tds.gestorenpersistencia.GestorRecompensaEnPersistenciaTest.limpiarBaseDeDatos(GestorRecompensaEnPersistenciaTest.java:39)
	... 3 more

uva.tds.gestorenpersistencia.GestorRutaEnPersistenciaTest.testAñadirRutaNula -- Time elapsed: 0.001 s <<< ERROR!
java.lang.NoClassDefFoundError: Could not initialize class uva.tds.base.HibernateUtil
	at uva.tds.implementaciones.RutaRepositorio.getSession(RutaRepositorio.java:20)
	at uva.tds.implementaciones.RutaRepositorio.clearDatabase(RutaRepositorio.java:118)
	at uva.tds.gestorenpersistencia.GestorRutaEnPersistenciaTest.limpiarBaseDeDatos(GestorRutaEnPersistenciaTest.java:52)
	at java.base/java.lang.reflect.Method.invoke(Method.java:568)
	at java.base/java.util.ArrayList.forEach(ArrayList.java:1511)
	at java.base/java.util.ArrayList.forEach(ArrayList.java:1511)
Caused by: java.lang.ExceptionInInitializerError: Exception org.hibernate.service.spi.ServiceException: Unable to create requested service [org.hibernate.engine.jdbc.env.spi.JdbcEnvironment] [in thread "main"]
	at org.hibernate.service.internal.AbstractServiceRegistryImpl.createService(AbstractServiceRegistryImpl.java:275)
	at org.hibernate.service.internal.AbstractServiceRegistryImpl.initializeService(AbstractServiceRegistryImpl.java:237)
	at org.hibernate.service.internal.AbstractServiceRegistryImpl.getService(AbstractServiceRegistryImpl.java:214)
	at org.hibernate.id.factory.internal.DefaultIdentifierGeneratorFactory.injectServices(DefaultIdentifierGeneratorFactory.java:175)
	at org.hibernate.service.internal.AbstractServiceRegistryImpl.injectDependencies(AbstractServiceRegistryImpl.java:286)
	at org.hibernate.service.internal.AbstractServiceRegistryImpl.initializeService(AbstractServiceRegistryImpl.java:243)
	at org.hibernate.service.internal.AbstractServiceRegistryImpl.getService(AbstractServiceRegistryImpl.java:214)
	at org.hibernate.boot.internal.InFlightMetadataCollectorImpl.<init>(InFlightMetadataCollectorImpl.java:173)
	at org.hibernate.boot.model.process.spi.MetadataBuildingProcess.complete(MetadataBuildingProcess.java:127)
	at org.hibernate.boot.model.process.spi.MetadataBuildingProcess.build(MetadataBuildingProcess.java:86)
	at org.hibernate.boot.internal.MetadataBuilderImpl.build(MetadataBuilderImpl.java:479)
	at org.hibernate.boot.internal.MetadataBuilderImpl.build(MetadataBuilderImpl.java:85)
	at org.hibernate.boot.MetadataSources.buildMetadata(MetadataSources.java:202)
	at uva.tds.base.HibernateUtil.buildSessionFactory(HibernateUtil.java:18)
	at uva.tds.base.HibernateUtil.<clinit>(HibernateUtil.java:9)
	at uva.tds.implementaciones.RecompensaRepositorio.getSession(RecompensaRepositorio.java:21)
	at uva.tds.implementaciones.RecompensaRepositorio.clearDatabase(RecompensaRepositorio.java:179)
	at uva.tds.gestorenpersistencia.GestorRecompensaEnPersistenciaTest.limpiarBaseDeDatos(GestorRecompensaEnPersistenciaTest.java:39)
	... 3 more

