-------------------------------------------------------------------------------
Test set: uva.tds.gestorenpersistencia.GestorUsuarioConPersistenciaTest
-------------------------------------------------------------------------------
Tests run: 14, Failures: 0, Errors: 14, Skipped: 0, Time elapsed: 0.040 s <<< FAILURE! -- in uva.tds.gestorenpersistencia.GestorUsuarioConPersistenciaTest
uva.tds.gestorenpersistencia.GestorUsuarioConPersistenciaTest.testRegistrarUsuarioInactivo -- Time elapsed: 0.005 s <<< ERROR!
java.lang.NoClassDefFoundError: Could not initialize class uva.tds.base.HibernateUtil
	at uva.tds.implementaciones.UsuarioRepositorio.getSession(UsuarioRepositorio.java:20)
	at uva.tds.implementaciones.UsuarioRepositorio.clearDatabase(UsuarioRepositorio.java:142)
	at uva.tds.gestorenpersistencia.GestorUsuarioConPersistenciaTest.limpiarBaseDeDatos(GestorUsuarioConPersistenciaTest.java:33)
	at java.base/java.lang.reflect.Method.invoke(Method.java:568)
	at java.base/java.util.ArrayList.forEach(ArrayList.java:1511)
	at java.base/java.util.ArrayList.forEach(ArrayList.java:1511)
Caused by: java.lang.ExceptionInInitializerError: Exception org.hibernate.service.spi.ServiceException: Unable to create requested service [org.hibernate.engine.jdbc.env.spi.JdbcEnvironment] [in thread "main"]
	at org.hibernate.service.internal.AbstractServiceRegistryImpl.createService(AbstractServiceRegistryImpl.java:275)
	at org.hibernate.service.internal.AbstractServiceRegistryImpl.initializeService(AbstractServiceRegistryImpl.java:237)
	at org.hibernate.service.internal.AbstractServiceRegistryImpl.getService(AbstractServiceRegistryImpl.java:214)
	at org.hibernate.id.factory.internal.DefaultIdentifierGeneratorFactory.injectServices(DefaultIdentifierGeneratorFactory.java:175)
	at org.hibernate.service.internal.AbstractServiceRegistryImpl.injectDependencies(AbstractServiceRegistryImpl.java:286)
	at org.hibernate.service.internal.AbstractServiceRegistryImpl.initializeService(AbstractServiceRegistryImpl.java:243)
	at org.hibernate.service.internal.AbstractServiceRegistryImpl.getService(AbstractServiceRegistryImpl.java:214)
	at org.hibernate.boot.internal.InFlightMetadataCollectorImpl.<init>(InFlightMetadataCollectorImpl.java:173)
	at org.hibernate.boot.model.process.spi.MetadataBuildingProcess.complete(MetadataBuildingProcess.java:127)
	at org.hibernate.boot.model.process.spi.MetadataBuildingProcess.build(MetadataBuildingProcess.java:86)
	at org.hibernate.boot.internal.MetadataBuilderImpl.build(MetadataBuilderImpl.java:479)
	at org.hibernate.boot.internal.MetadataBuilderImpl.build(MetadataBuilderImpl.java:85)
	at org.hibernate.boot.MetadataSources.buildMetadata(MetadataSources.java:202)
	at uva.tds.base.HibernateUtil.buildSessionFactory(HibernateUtil.java:18)
	at uva.tds.base.HibernateUtil.<clinit>(HibernateUtil.java:9)
	at uva.tds.implementaciones.RecompensaRepositorio.getSession(RecompensaRepositorio.java:21)
	at uva.tds.implementaciones.RecompensaRepositorio.clearDatabase(RecompensaRepositorio.java:179)
	at uva.tds.gestorenpersistencia.GestorRecompensaEnPersistenciaTest.limpiarBaseDeDatos(GestorRecompensaEnPersistenciaTest.java:39)
	... 3 more

uva.tds.gestorenpersistencia.GestorUsuarioConPersistenciaTest.testObtenerUsuarioPorNifConLongitudMayorDelLimiteSuperior -- Time elapsed: 0.001 s <<< ERROR!
java.lang.NoClassDefFoundError: Could not initialize class uva.tds.base.HibernateUtil
	at uva.tds.implementaciones.UsuarioRepositorio.getSession(UsuarioRepositorio.java:20)
	at uva.tds.implementaciones.UsuarioRepositorio.clearDatabase(UsuarioRepositorio.java:142)
	at uva.tds.gestorenpersistencia.GestorUsuarioConPersistenciaTest.limpiarBaseDeDatos(GestorUsuarioConPersistenciaTest.java:33)
	at java.base/java.lang.reflect.Method.invoke(Method.java:568)
	at java.base/java.util.ArrayList.forEach(ArrayList.java:1511)
	at java.base/java.util.ArrayList.forEach(ArrayList.java:1511)
Caused by: java.lang.ExceptionInInitializerError: Exception org.hibernate.service.spi.ServiceException: Unable to create requested service [org.hibernate.engine.jdbc.env.spi.JdbcEnvironment] [in thread "main"]
	at org.hibernate.service.internal.AbstractServiceRegistryImpl.createService(AbstractServiceRegistryImpl.java:275)
	at org.hibernate.service.internal.AbstractServiceRegistryImpl.initializeService(AbstractServiceRegistryImpl.java:237)
	at org.hibernate.service.internal.AbstractServiceRegistryImpl.getService(AbstractServiceRegistryImpl.java:214)
	at org.hibernate.id.factory.internal.DefaultIdentifierGeneratorFactory.injectServices(DefaultIdentifierGeneratorFactory.java:175)
	at org.hibernate.service.internal.AbstractServiceRegistryImpl.injectDependencies(AbstractServiceRegistryImpl.java:286)
	at org.hibernate.service.internal.AbstractServiceRegistryImpl.initializeService(AbstractServiceRegistryImpl.java:243)
	at org.hibernate.service.internal.AbstractServiceRegistryImpl.getService(AbstractServiceRegistryImpl.java:214)
	at org.hibernate.boot.internal.InFlightMetadataCollectorImpl.<init>(InFlightMetadataCollectorImpl.java:173)
	at org.hibernate.boot.model.process.spi.MetadataBuildingProcess.complete(MetadataBuildingProcess.java:127)
	at org.hibernate.boot.model.process.spi.MetadataBuildingProcess.build(MetadataBuildingProcess.java:86)
	at org.hibernate.boot.internal.MetadataBuilderImpl.build(MetadataBuilderImpl.java:479)
	at org.hibernate.boot.internal.MetadataBuilderImpl.build(MetadataBuilderImpl.java:85)
	at org.hibernate.boot.MetadataSources.buildMetadata(MetadataSources.java:202)
	at uva.tds.base.HibernateUtil.buildSessionFactory(HibernateUtil.java:18)
	at uva.tds.base.HibernateUtil.<clinit>(HibernateUtil.java:9)
	at uva.tds.implementaciones.RecompensaRepositorio.getSession(RecompensaRepositorio.java:21)
	at uva.tds.implementaciones.RecompensaRepositorio.clearDatabase(RecompensaRepositorio.java:179)
	at uva.tds.gestorenpersistencia.GestorRecompensaEnPersistenciaTest.limpiarBaseDeDatos(GestorRecompensaEnPersistenciaTest.java:39)
	... 3 more

uva.tds.gestorenpersistencia.GestorUsuarioConPersistenciaTest.testEliminarUsuario -- Time elapsed: 0.001 s <<< ERROR!
java.lang.NoClassDefFoundError: Could not initialize class uva.tds.base.HibernateUtil
	at uva.tds.implementaciones.UsuarioRepositorio.getSession(UsuarioRepositorio.java:20)
	at uva.tds.implementaciones.UsuarioRepositorio.clearDatabase(UsuarioRepositorio.java:142)
	at uva.tds.gestorenpersistencia.GestorUsuarioConPersistenciaTest.limpiarBaseDeDatos(GestorUsuarioConPersistenciaTest.java:33)
	at java.base/java.lang.reflect.Method.invoke(Method.java:568)
	at java.base/java.util.ArrayList.forEach(ArrayList.java:1511)
	at java.base/java.util.ArrayList.forEach(ArrayList.java:1511)
Caused by: java.lang.ExceptionInInitializerError: Exception org.hibernate.service.spi.ServiceException: Unable to create requested service [org.hibernate.engine.jdbc.env.spi.JdbcEnvironment] [in thread "main"]
	at org.hibernate.service.internal.AbstractServiceRegistryImpl.createService(AbstractServiceRegistryImpl.java:275)
	at org.hibernate.service.internal.AbstractServiceRegistryImpl.initializeService(AbstractServiceRegistryImpl.java:237)
	at org.hibernate.service.internal.AbstractServiceRegistryImpl.getService(AbstractServiceRegistryImpl.java:214)
	at org.hibernate.id.factory.internal.DefaultIdentifierGeneratorFactory.injectServices(DefaultIdentifierGeneratorFactory.java:175)
	at org.hibernate.service.internal.AbstractServiceRegistryImpl.injectDependencies(AbstractServiceRegistryImpl.java:286)
	at org.hibernate.service.internal.AbstractServiceRegistryImpl.initializeService(AbstractServiceRegistryImpl.java:243)
	at org.hibernate.service.internal.AbstractServiceRegistryImpl.getService(AbstractServiceRegistryImpl.java:214)
	at org.hibernate.boot.internal.InFlightMetadataCollectorImpl.<init>(InFlightMetadataCollectorImpl.java:173)
	at org.hibernate.boot.model.process.spi.MetadataBuildingProcess.complete(MetadataBuildingProcess.java:127)
	at org.hibernate.boot.model.process.spi.MetadataBuildingProcess.build(MetadataBuildingProcess.java:86)
	at org.hibernate.boot.internal.MetadataBuilderImpl.build(MetadataBuilderImpl.java:479)
	at org.hibernate.boot.internal.MetadataBuilderImpl.build(MetadataBuilderImpl.java:85)
	at org.hibernate.boot.MetadataSources.buildMetadata(MetadataSources.java:202)
	at uva.tds.base.HibernateUtil.buildSessionFactory(HibernateUtil.java:18)
	at uva.tds.base.HibernateUtil.<clinit>(HibernateUtil.java:9)
	at uva.tds.implementaciones.RecompensaRepositorio.getSession(RecompensaRepositorio.java:21)
	at uva.tds.implementaciones.RecompensaRepositorio.clearDatabase(RecompensaRepositorio.java:179)
	at uva.tds.gestorenpersistencia.GestorRecompensaEnPersistenciaTest.limpiarBaseDeDatos(GestorRecompensaEnPersistenciaTest.java:39)
	... 3 more

uva.tds.gestorenpersistencia.GestorUsuarioConPersistenciaTest.testActualizarUsuarioNoRegistrado -- Time elapsed: 0.003 s <<< ERROR!
java.lang.NoClassDefFoundError: Could not initialize class uva.tds.base.HibernateUtil
	at uva.tds.implementaciones.UsuarioRepositorio.getSession(UsuarioRepositorio.java:20)
	at uva.tds.implementaciones.UsuarioRepositorio.clearDatabase(UsuarioRepositorio.java:142)
	at uva.tds.gestorenpersistencia.GestorUsuarioConPersistenciaTest.limpiarBaseDeDatos(GestorUsuarioConPersistenciaTest.java:33)
	at java.base/java.lang.reflect.Method.invoke(Method.java:568)
	at java.base/java.util.ArrayList.forEach(ArrayList.java:1511)
	at java.base/java.util.ArrayList.forEach(ArrayList.java:1511)
Caused by: java.lang.ExceptionInInitializerError: Exception org.hibernate.service.spi.ServiceException: Unable to create requested service [org.hibernate.engine.jdbc.env.spi.JdbcEnvironment] [in thread "main"]
	at org.hibernate.service.internal.AbstractServiceRegistryImpl.createService(AbstractServiceRegistryImpl.java:275)
	at org.hibernate.service.internal.AbstractServiceRegistryImpl.initializeService(AbstractServiceRegistryImpl.java:237)
	at org.hibernate.service.internal.AbstractServiceRegistryImpl.getService(AbstractServiceRegistryImpl.java:214)
	at org.hibernate.id.factory.internal.DefaultIdentifierGeneratorFactory.injectServices(DefaultIdentifierGeneratorFactory.java:175)
	at org.hibernate.service.internal.AbstractServiceRegistryImpl.injectDependencies(AbstractServiceRegistryImpl.java:286)
	at org.hibernate.service.internal.AbstractServiceRegistryImpl.initializeService(AbstractServiceRegistryImpl.java:243)
	at org.hibernate.service.internal.AbstractServiceRegistryImpl.getService(AbstractServiceRegistryImpl.java:214)
	at org.hibernate.boot.internal.InFlightMetadataCollectorImpl.<init>(InFlightMetadataCollectorImpl.java:173)
	at org.hibernate.boot.model.process.spi.MetadataBuildingProcess.complete(MetadataBuildingProcess.java:127)
	at org.hibernate.boot.model.process.spi.MetadataBuildingProcess.build(MetadataBuildingProcess.java:86)
	at org.hibernate.boot.internal.MetadataBuilderImpl.build(MetadataBuilderImpl.java:479)
	at org.hibernate.boot.internal.MetadataBuilderImpl.build(MetadataBuilderImpl.java:85)
	at org.hibernate.boot.MetadataSources.buildMetadata(MetadataSources.java:202)
	at uva.tds.base.HibernateUtil.buildSessionFactory(HibernateUtil.java:18)
	at uva.tds.base.HibernateUtil.<clinit>(HibernateUtil.java:9)
	at uva.tds.implementaciones.RecompensaRepositorio.getSession(RecompensaRepositorio.java:21)
	at uva.tds.implementaciones.RecompensaRepositorio.clearDatabase(RecompensaRepositorio.java:179)
	at uva.tds.gestorenpersistencia.GestorRecompensaEnPersistenciaTest.limpiarBaseDeDatos(GestorRecompensaEnPersistenciaTest.java:39)
	... 3 more

uva.tds.gestorenpersistencia.GestorUsuarioConPersistenciaTest.testRegistrarUsuario -- Time elapsed: 0.002 s <<< ERROR!
java.lang.NoClassDefFoundError: Could not initialize class uva.tds.base.HibernateUtil
	at uva.tds.implementaciones.UsuarioRepositorio.getSession(UsuarioRepositorio.java:20)
	at uva.tds.implementaciones.UsuarioRepositorio.clearDatabase(UsuarioRepositorio.java:142)
	at uva.tds.gestorenpersistencia.GestorUsuarioConPersistenciaTest.limpiarBaseDeDatos(GestorUsuarioConPersistenciaTest.java:33)
	at java.base/java.lang.reflect.Method.invoke(Method.java:568)
	at java.base/java.util.ArrayList.forEach(ArrayList.java:1511)
	at java.base/java.util.ArrayList.forEach(ArrayList.java:1511)
Caused by: java.lang.ExceptionInInitializerError: Exception org.hibernate.service.spi.ServiceException: Unable to create requested service [org.hibernate.engine.jdbc.env.spi.JdbcEnvironment] [in thread "main"]
	at org.hibernate.service.internal.AbstractServiceRegistryImpl.createService(AbstractServiceRegistryImpl.java:275)
	at org.hibernate.service.internal.AbstractServiceRegistryImpl.initializeService(AbstractServiceRegistryImpl.java:237)
	at org.hibernate.service.internal.AbstractServiceRegistryImpl.getService(AbstractServiceRegistryImpl.java:214)
	at org.hibernate.id.factory.internal.DefaultIdentifierGeneratorFactory.injectServices(DefaultIdentifierGeneratorFactory.java:175)
	at org.hibernate.service.internal.AbstractServiceRegistryImpl.injectDependencies(AbstractServiceRegistryImpl.java:286)
	at org.hibernate.service.internal.AbstractServiceRegistryImpl.initializeService(AbstractServiceRegistryImpl.java:243)
	at org.hibernate.service.internal.AbstractServiceRegistryImpl.getService(AbstractServiceRegistryImpl.java:214)
	at org.hibernate.boot.internal.InFlightMetadataCollectorImpl.<init>(InFlightMetadataCollectorImpl.java:173)
	at org.hibernate.boot.model.process.spi.MetadataBuildingProcess.complete(MetadataBuildingProcess.java:127)
	at org.hibernate.boot.model.process.spi.MetadataBuildingProcess.build(MetadataBuildingProcess.java:86)
	at org.hibernate.boot.internal.MetadataBuilderImpl.build(MetadataBuilderImpl.java:479)
	at org.hibernate.boot.internal.MetadataBuilderImpl.build(MetadataBuilderImpl.java:85)
	at org.hibernate.boot.MetadataSources.buildMetadata(MetadataSources.java:202)
	at uva.tds.base.HibernateUtil.buildSessionFactory(HibernateUtil.java:18)
	at uva.tds.base.HibernateUtil.<clinit>(HibernateUtil.java:9)
	at uva.tds.implementaciones.RecompensaRepositorio.getSession(RecompensaRepositorio.java:21)
	at uva.tds.implementaciones.RecompensaRepositorio.clearDatabase(RecompensaRepositorio.java:179)
	at uva.tds.gestorenpersistencia.GestorRecompensaEnPersistenciaTest.limpiarBaseDeDatos(GestorRecompensaEnPersistenciaTest.java:39)
	... 3 more

uva.tds.gestorenpersistencia.GestorUsuarioConPersistenciaTest.testActualizarUsuarioNulo -- Time elapsed: 0.002 s <<< ERROR!
java.lang.NoClassDefFoundError: Could not initialize class uva.tds.base.HibernateUtil
	at uva.tds.implementaciones.UsuarioRepositorio.getSession(UsuarioRepositorio.java:20)
	at uva.tds.implementaciones.UsuarioRepositorio.clearDatabase(UsuarioRepositorio.java:142)
	at uva.tds.gestorenpersistencia.GestorUsuarioConPersistenciaTest.limpiarBaseDeDatos(GestorUsuarioConPersistenciaTest.java:33)
	at java.base/java.lang.reflect.Method.invoke(Method.java:568)
	at java.base/java.util.ArrayList.forEach(ArrayList.java:1511)
	at java.base/java.util.ArrayList.forEach(ArrayList.java:1511)
Caused by: java.lang.ExceptionInInitializerError: Exception org.hibernate.service.spi.ServiceException: Unable to create requested service [org.hibernate.engine.jdbc.env.spi.JdbcEnvironment] [in thread "main"]
	at org.hibernate.service.internal.AbstractServiceRegistryImpl.createService(AbstractServiceRegistryImpl.java:275)
	at org.hibernate.service.internal.AbstractServiceRegistryImpl.initializeService(AbstractServiceRegistryImpl.java:237)
	at org.hibernate.service.internal.AbstractServiceRegistryImpl.getService(AbstractServiceRegistryImpl.java:214)
	at org.hibernate.id.factory.internal.DefaultIdentifierGeneratorFactory.injectServices(DefaultIdentifierGeneratorFactory.java:175)
	at org.hibernate.service.internal.AbstractServiceRegistryImpl.injectDependencies(AbstractServiceRegistryImpl.java:286)
	at org.hibernate.service.internal.AbstractServiceRegistryImpl.initializeService(AbstractServiceRegistryImpl.java:243)
	at org.hibernate.service.internal.AbstractServiceRegistryImpl.getService(AbstractServiceRegistryImpl.java:214)
	at org.hibernate.boot.internal.InFlightMetadataCollectorImpl.<init>(InFlightMetadataCollectorImpl.java:173)
	at org.hibernate.boot.model.process.spi.MetadataBuildingProcess.complete(MetadataBuildingProcess.java:127)
	at org.hibernate.boot.model.process.spi.MetadataBuildingProcess.build(MetadataBuildingProcess.java:86)
	at org.hibernate.boot.internal.MetadataBuilderImpl.build(MetadataBuilderImpl.java:479)
	at org.hibernate.boot.internal.MetadataBuilderImpl.build(MetadataBuilderImpl.java:85)
	at org.hibernate.boot.MetadataSources.buildMetadata(MetadataSources.java:202)
	at uva.tds.base.HibernateUtil.buildSessionFactory(HibernateUtil.java:18)
	at uva.tds.base.HibernateUtil.<clinit>(HibernateUtil.java:9)
	at uva.tds.implementaciones.RecompensaRepositorio.getSession(RecompensaRepositorio.java:21)
	at uva.tds.implementaciones.RecompensaRepositorio.clearDatabase(RecompensaRepositorio.java:179)
	at uva.tds.gestorenpersistencia.GestorRecompensaEnPersistenciaTest.limpiarBaseDeDatos(GestorRecompensaEnPersistenciaTest.java:39)
	... 3 more

uva.tds.gestorenpersistencia.GestorUsuarioConPersistenciaTest.testActualizarNombreUsuario -- Time elapsed: 0.002 s <<< ERROR!
java.lang.NoClassDefFoundError: Could not initialize class uva.tds.base.HibernateUtil
	at uva.tds.implementaciones.UsuarioRepositorio.getSession(UsuarioRepositorio.java:20)
	at uva.tds.implementaciones.UsuarioRepositorio.clearDatabase(UsuarioRepositorio.java:142)
	at uva.tds.gestorenpersistencia.GestorUsuarioConPersistenciaTest.limpiarBaseDeDatos(GestorUsuarioConPersistenciaTest.java:33)
	at java.base/java.lang.reflect.Method.invoke(Method.java:568)
	at java.base/java.util.ArrayList.forEach(ArrayList.java:1511)
	at java.base/java.util.ArrayList.forEach(ArrayList.java:1511)
Caused by: java.lang.ExceptionInInitializerError: Exception org.hibernate.service.spi.ServiceException: Unable to create requested service [org.hibernate.engine.jdbc.env.spi.JdbcEnvironment] [in thread "main"]
	at org.hibernate.service.internal.AbstractServiceRegistryImpl.createService(AbstractServiceRegistryImpl.java:275)
	at org.hibernate.service.internal.AbstractServiceRegistryImpl.initializeService(AbstractServiceRegistryImpl.java:237)
	at org.hibernate.service.internal.AbstractServiceRegistryImpl.getService(AbstractServiceRegistryImpl.java:214)
	at org.hibernate.id.factory.internal.DefaultIdentifierGeneratorFactory.injectServices(DefaultIdentifierGeneratorFactory.java:175)
	at org.hibernate.service.internal.AbstractServiceRegistryImpl.injectDependencies(AbstractServiceRegistryImpl.java:286)
	at org.hibernate.service.internal.AbstractServiceRegistryImpl.initializeService(AbstractServiceRegistryImpl.java:243)
	at org.hibernate.service.internal.AbstractServiceRegistryImpl.getService(AbstractServiceRegistryImpl.java:214)
	at org.hibernate.boot.internal.InFlightMetadataCollectorImpl.<init>(InFlightMetadataCollectorImpl.java:173)
	at org.hibernate.boot.model.process.spi.MetadataBuildingProcess.complete(MetadataBuildingProcess.java:127)
	at org.hibernate.boot.model.process.spi.MetadataBuildingProcess.build(MetadataBuildingProcess.java:86)
	at org.hibernate.boot.internal.MetadataBuilderImpl.build(MetadataBuilderImpl.java:479)
	at org.hibernate.boot.internal.MetadataBuilderImpl.build(MetadataBuilderImpl.java:85)
	at org.hibernate.boot.MetadataSources.buildMetadata(MetadataSources.java:202)
	at uva.tds.base.HibernateUtil.buildSessionFactory(HibernateUtil.java:18)
	at uva.tds.base.HibernateUtil.<clinit>(HibernateUtil.java:9)
	at uva.tds.implementaciones.RecompensaRepositorio.getSession(RecompensaRepositorio.java:21)
	at uva.tds.implementaciones.RecompensaRepositorio.clearDatabase(RecompensaRepositorio.java:179)
	at uva.tds.gestorenpersistencia.GestorRecompensaEnPersistenciaTest.limpiarBaseDeDatos(GestorRecompensaEnPersistenciaTest.java:39)
	... 3 more

uva.tds.gestorenpersistencia.GestorUsuarioConPersistenciaTest.testRegistrarUsuarioNulo -- Time elapsed: 0.001 s <<< ERROR!
java.lang.NoClassDefFoundError: Could not initialize class uva.tds.base.HibernateUtil
	at uva.tds.implementaciones.UsuarioRepositorio.getSession(UsuarioRepositorio.java:20)
	at uva.tds.implementaciones.UsuarioRepositorio.clearDatabase(UsuarioRepositorio.java:142)
	at uva.tds.gestorenpersistencia.GestorUsuarioConPersistenciaTest.limpiarBaseDeDatos(GestorUsuarioConPersistenciaTest.java:33)
	at java.base/java.lang.reflect.Method.invoke(Method.java:568)
	at java.base/java.util.ArrayList.forEach(ArrayList.java:1511)
	at java.base/java.util.ArrayList.forEach(ArrayList.java:1511)
Caused by: java.lang.ExceptionInInitializerError: Exception org.hibernate.service.spi.ServiceException: Unable to create requested service [org.hibernate.engine.jdbc.env.spi.JdbcEnvironment] [in thread "main"]
	at org.hibernate.service.internal.AbstractServiceRegistryImpl.createService(AbstractServiceRegistryImpl.java:275)
	at org.hibernate.service.internal.AbstractServiceRegistryImpl.initializeService(AbstractServiceRegistryImpl.java:237)
	at org.hibernate.service.internal.AbstractServiceRegistryImpl.getService(AbstractServiceRegistryImpl.java:214)
	at org.hibernate.id.factory.internal.DefaultIdentifierGeneratorFactory.injectServices(DefaultIdentifierGeneratorFactory.java:175)
	at org.hibernate.service.internal.AbstractServiceRegistryImpl.injectDependencies(AbstractServiceRegistryImpl.java:286)
	at org.hibernate.service.internal.AbstractServiceRegistryImpl.initializeService(AbstractServiceRegistryImpl.java:243)
	at org.hibernate.service.internal.AbstractServiceRegistryImpl.getService(AbstractServiceRegistryImpl.java:214)
	at org.hibernate.boot.internal.InFlightMetadataCollectorImpl.<init>(InFlightMetadataCollectorImpl.java:173)
	at org.hibernate.boot.model.process.spi.MetadataBuildingProcess.complete(MetadataBuildingProcess.java:127)
	at org.hibernate.boot.model.process.spi.MetadataBuildingProcess.build(MetadataBuildingProcess.java:86)
	at org.hibernate.boot.internal.MetadataBuilderImpl.build(MetadataBuilderImpl.java:479)
	at org.hibernate.boot.internal.MetadataBuilderImpl.build(MetadataBuilderImpl.java:85)
	at org.hibernate.boot.MetadataSources.buildMetadata(MetadataSources.java:202)
	at uva.tds.base.HibernateUtil.buildSessionFactory(HibernateUtil.java:18)
	at uva.tds.base.HibernateUtil.<clinit>(HibernateUtil.java:9)
	at uva.tds.implementaciones.RecompensaRepositorio.getSession(RecompensaRepositorio.java:21)
	at uva.tds.implementaciones.RecompensaRepositorio.clearDatabase(RecompensaRepositorio.java:179)
	at uva.tds.gestorenpersistencia.GestorRecompensaEnPersistenciaTest.limpiarBaseDeDatos(GestorRecompensaEnPersistenciaTest.java:39)
	... 3 more

uva.tds.gestorenpersistencia.GestorUsuarioConPersistenciaTest.testObtenerUsuarioPorNifNull -- Time elapsed: 0.001 s <<< ERROR!
java.lang.NoClassDefFoundError: Could not initialize class uva.tds.base.HibernateUtil
	at uva.tds.implementaciones.UsuarioRepositorio.getSession(UsuarioRepositorio.java:20)
	at uva.tds.implementaciones.UsuarioRepositorio.clearDatabase(UsuarioRepositorio.java:142)
	at uva.tds.gestorenpersistencia.GestorUsuarioConPersistenciaTest.limpiarBaseDeDatos(GestorUsuarioConPersistenciaTest.java:33)
	at java.base/java.lang.reflect.Method.invoke(Method.java:568)
	at java.base/java.util.ArrayList.forEach(ArrayList.java:1511)
	at java.base/java.util.ArrayList.forEach(ArrayList.java:1511)
Caused by: java.lang.ExceptionInInitializerError: Exception org.hibernate.service.spi.ServiceException: Unable to create requested service [org.hibernate.engine.jdbc.env.spi.JdbcEnvironment] [in thread "main"]
	at org.hibernate.service.internal.AbstractServiceRegistryImpl.createService(AbstractServiceRegistryImpl.java:275)
	at org.hibernate.service.internal.AbstractServiceRegistryImpl.initializeService(AbstractServiceRegistryImpl.java:237)
	at org.hibernate.service.internal.AbstractServiceRegistryImpl.getService(AbstractServiceRegistryImpl.java:214)
	at org.hibernate.id.factory.internal.DefaultIdentifierGeneratorFactory.injectServices(DefaultIdentifierGeneratorFactory.java:175)
	at org.hibernate.service.internal.AbstractServiceRegistryImpl.injectDependencies(AbstractServiceRegistryImpl.java:286)
	at org.hibernate.service.internal.AbstractServiceRegistryImpl.initializeService(AbstractServiceRegistryImpl.java:243)
	at org.hibernate.service.internal.AbstractServiceRegistryImpl.getService(AbstractServiceRegistryImpl.java:214)
	at org.hibernate.boot.internal.InFlightMetadataCollectorImpl.<init>(InFlightMetadataCollectorImpl.java:173)
	at org.hibernate.boot.model.process.spi.MetadataBuildingProcess.complete(MetadataBuildingProcess.java:127)
	at org.hibernate.boot.model.process.spi.MetadataBuildingProcess.build(MetadataBuildingProcess.java:86)
	at org.hibernate.boot.internal.MetadataBuilderImpl.build(MetadataBuilderImpl.java:479)
	at org.hibernate.boot.internal.MetadataBuilderImpl.build(MetadataBuilderImpl.java:85)
	at org.hibernate.boot.MetadataSources.buildMetadata(MetadataSources.java:202)
	at uva.tds.base.HibernateUtil.buildSessionFactory(HibernateUtil.java:18)
	at uva.tds.base.HibernateUtil.<clinit>(HibernateUtil.java:9)
	at uva.tds.implementaciones.RecompensaRepositorio.getSession(RecompensaRepositorio.java:21)
	at uva.tds.implementaciones.RecompensaRepositorio.clearDatabase(RecompensaRepositorio.java:179)
	at uva.tds.gestorenpersistencia.GestorRecompensaEnPersistenciaTest.limpiarBaseDeDatos(GestorRecompensaEnPersistenciaTest.java:39)
	... 3 more

uva.tds.gestorenpersistencia.GestorUsuarioConPersistenciaTest.testObtenerUsuarioNoRegistrado -- Time elapsed: 0.001 s <<< ERROR!
java.lang.NoClassDefFoundError: Could not initialize class uva.tds.base.HibernateUtil
	at uva.tds.implementaciones.UsuarioRepositorio.getSession(UsuarioRepositorio.java:20)
	at uva.tds.implementaciones.UsuarioRepositorio.clearDatabase(UsuarioRepositorio.java:142)
	at uva.tds.gestorenpersistencia.GestorUsuarioConPersistenciaTest.limpiarBaseDeDatos(GestorUsuarioConPersistenciaTest.java:33)
	at java.base/java.lang.reflect.Method.invoke(Method.java:568)
	at java.base/java.util.ArrayList.forEach(ArrayList.java:1511)
	at java.base/java.util.ArrayList.forEach(ArrayList.java:1511)
Caused by: java.lang.ExceptionInInitializerError: Exception org.hibernate.service.spi.ServiceException: Unable to create requested service [org.hibernate.engine.jdbc.env.spi.JdbcEnvironment] [in thread "main"]
	at org.hibernate.service.internal.AbstractServiceRegistryImpl.createService(AbstractServiceRegistryImpl.java:275)
	at org.hibernate.service.internal.AbstractServiceRegistryImpl.initializeService(AbstractServiceRegistryImpl.java:237)
	at org.hibernate.service.internal.AbstractServiceRegistryImpl.getService(AbstractServiceRegistryImpl.java:214)
	at org.hibernate.id.factory.internal.DefaultIdentifierGeneratorFactory.injectServices(DefaultIdentifierGeneratorFactory.java:175)
	at org.hibernate.service.internal.AbstractServiceRegistryImpl.injectDependencies(AbstractServiceRegistryImpl.java:286)
	at org.hibernate.service.internal.AbstractServiceRegistryImpl.initializeService(AbstractServiceRegistryImpl.java:243)
	at org.hibernate.service.internal.AbstractServiceRegistryImpl.getService(AbstractServiceRegistryImpl.java:214)
	at org.hibernate.boot.internal.InFlightMetadataCollectorImpl.<init>(InFlightMetadataCollectorImpl.java:173)
	at org.hibernate.boot.model.process.spi.MetadataBuildingProcess.complete(MetadataBuildingProcess.java:127)
	at org.hibernate.boot.model.process.spi.MetadataBuildingProcess.build(MetadataBuildingProcess.java:86)
	at org.hibernate.boot.internal.MetadataBuilderImpl.build(MetadataBuilderImpl.java:479)
	at org.hibernate.boot.internal.MetadataBuilderImpl.build(MetadataBuilderImpl.java:85)
	at org.hibernate.boot.MetadataSources.buildMetadata(MetadataSources.java:202)
	at uva.tds.base.HibernateUtil.buildSessionFactory(HibernateUtil.java:18)
	at uva.tds.base.HibernateUtil.<clinit>(HibernateUtil.java:9)
	at uva.tds.implementaciones.RecompensaRepositorio.getSession(RecompensaRepositorio.java:21)
	at uva.tds.implementaciones.RecompensaRepositorio.clearDatabase(RecompensaRepositorio.java:179)
	at uva.tds.gestorenpersistencia.GestorRecompensaEnPersistenciaTest.limpiarBaseDeDatos(GestorRecompensaEnPersistenciaTest.java:39)
	... 3 more

uva.tds.gestorenpersistencia.GestorUsuarioConPersistenciaTest.testEliminarUsuarioNoRegistrado -- Time elapsed: 0.001 s <<< ERROR!
java.lang.NoClassDefFoundError: Could not initialize class uva.tds.base.HibernateUtil
	at uva.tds.implementaciones.UsuarioRepositorio.getSession(UsuarioRepositorio.java:20)
	at uva.tds.implementaciones.UsuarioRepositorio.clearDatabase(UsuarioRepositorio.java:142)
	at uva.tds.gestorenpersistencia.GestorUsuarioConPersistenciaTest.limpiarBaseDeDatos(GestorUsuarioConPersistenciaTest.java:33)
	at java.base/java.lang.reflect.Method.invoke(Method.java:568)
	at java.base/java.util.ArrayList.forEach(ArrayList.java:1511)
	at java.base/java.util.ArrayList.forEach(ArrayList.java:1511)
Caused by: java.lang.ExceptionInInitializerError: Exception org.hibernate.service.spi.ServiceException: Unable to create requested service [org.hibernate.engine.jdbc.env.spi.JdbcEnvironment] [in thread "main"]
	at org.hibernate.service.internal.AbstractServiceRegistryImpl.createService(AbstractServiceRegistryImpl.java:275)
	at org.hibernate.service.internal.AbstractServiceRegistryImpl.initializeService(AbstractServiceRegistryImpl.java:237)
	at org.hibernate.service.internal.AbstractServiceRegistryImpl.getService(AbstractServiceRegistryImpl.java:214)
	at org.hibernate.id.factory.internal.DefaultIdentifierGeneratorFactory.injectServices(DefaultIdentifierGeneratorFactory.java:175)
	at org.hibernate.service.internal.AbstractServiceRegistryImpl.injectDependencies(AbstractServiceRegistryImpl.java:286)
	at org.hibernate.service.internal.AbstractServiceRegistryImpl.initializeService(AbstractServiceRegistryImpl.java:243)
	at org.hibernate.service.internal.AbstractServiceRegistryImpl.getService(AbstractServiceRegistryImpl.java:214)
	at org.hibernate.boot.internal.InFlightMetadataCollectorImpl.<init>(InFlightMetadataCollectorImpl.java:173)
	at org.hibernate.boot.model.process.spi.MetadataBuildingProcess.complete(MetadataBuildingProcess.java:127)
	at org.hibernate.boot.model.process.spi.MetadataBuildingProcess.build(MetadataBuildingProcess.java:86)
	at org.hibernate.boot.internal.MetadataBuilderImpl.build(MetadataBuilderImpl.java:479)
	at org.hibernate.boot.internal.MetadataBuilderImpl.build(MetadataBuilderImpl.java:85)
	at org.hibernate.boot.MetadataSources.buildMetadata(MetadataSources.java:202)
	at uva.tds.base.HibernateUtil.buildSessionFactory(HibernateUtil.java:18)
	at uva.tds.base.HibernateUtil.<clinit>(HibernateUtil.java:9)
	at uva.tds.implementaciones.RecompensaRepositorio.getSession(RecompensaRepositorio.java:21)
	at uva.tds.implementaciones.RecompensaRepositorio.clearDatabase(RecompensaRepositorio.java:179)
	at uva.tds.gestorenpersistencia.GestorRecompensaEnPersistenciaTest.limpiarBaseDeDatos(GestorRecompensaEnPersistenciaTest.java:39)
	... 3 more

uva.tds.gestorenpersistencia.GestorUsuarioConPersistenciaTest.testObtenerUsuarioPorNifConLongitudMenorDelLimiteInferior -- Time elapsed: 0.003 s <<< ERROR!
java.lang.NoClassDefFoundError: Could not initialize class uva.tds.base.HibernateUtil
	at uva.tds.implementaciones.UsuarioRepositorio.getSession(UsuarioRepositorio.java:20)
	at uva.tds.implementaciones.UsuarioRepositorio.clearDatabase(UsuarioRepositorio.java:142)
	at uva.tds.gestorenpersistencia.GestorUsuarioConPersistenciaTest.limpiarBaseDeDatos(GestorUsuarioConPersistenciaTest.java:33)
	at java.base/java.lang.reflect.Method.invoke(Method.java:568)
	at java.base/java.util.ArrayList.forEach(ArrayList.java:1511)
	at java.base/java.util.ArrayList.forEach(ArrayList.java:1511)
Caused by: java.lang.ExceptionInInitializerError: Exception org.hibernate.service.spi.ServiceException: Unable to create requested service [org.hibernate.engine.jdbc.env.spi.JdbcEnvironment] [in thread "main"]
	at org.hibernate.service.internal.AbstractServiceRegistryImpl.createService(AbstractServiceRegistryImpl.java:275)
	at org.hibernate.service.internal.AbstractServiceRegistryImpl.initializeService(AbstractServiceRegistryImpl.java:237)
	at org.hibernate.service.internal.AbstractServiceRegistryImpl.getService(AbstractServiceRegistryImpl.java:214)
	at org.hibernate.id.factory.internal.DefaultIdentifierGeneratorFactory.injectServices(DefaultIdentifierGeneratorFactory.java:175)
	at org.hibernate.service.internal.AbstractServiceRegistryImpl.injectDependencies(AbstractServiceRegistryImpl.java:286)
	at org.hibernate.service.internal.AbstractServiceRegistryImpl.initializeService(AbstractServiceRegistryImpl.java:243)
	at org.hibernate.service.internal.AbstractServiceRegistryImpl.getService(AbstractServiceRegistryImpl.java:214)
	at org.hibernate.boot.internal.InFlightMetadataCollectorImpl.<init>(InFlightMetadataCollectorImpl.java:173)
	at org.hibernate.boot.model.process.spi.MetadataBuildingProcess.complete(MetadataBuildingProcess.java:127)
	at org.hibernate.boot.model.process.spi.MetadataBuildingProcess.build(MetadataBuildingProcess.java:86)
	at org.hibernate.boot.internal.MetadataBuilderImpl.build(MetadataBuilderImpl.java:479)
	at org.hibernate.boot.internal.MetadataBuilderImpl.build(MetadataBuilderImpl.java:85)
	at org.hibernate.boot.MetadataSources.buildMetadata(MetadataSources.java:202)
	at uva.tds.base.HibernateUtil.buildSessionFactory(HibernateUtil.java:18)
	at uva.tds.base.HibernateUtil.<clinit>(HibernateUtil.java:9)
	at uva.tds.implementaciones.RecompensaRepositorio.getSession(RecompensaRepositorio.java:21)
	at uva.tds.implementaciones.RecompensaRepositorio.clearDatabase(RecompensaRepositorio.java:179)
	at uva.tds.gestorenpersistencia.GestorRecompensaEnPersistenciaTest.limpiarBaseDeDatos(GestorRecompensaEnPersistenciaTest.java:39)
	... 3 more

uva.tds.gestorenpersistencia.GestorUsuarioConPersistenciaTest.testEliminarUsuarioNifNulo -- Time elapsed: 0.003 s <<< ERROR!
java.lang.NoClassDefFoundError: Could not initialize class uva.tds.base.HibernateUtil
	at uva.tds.implementaciones.UsuarioRepositorio.getSession(UsuarioRepositorio.java:20)
	at uva.tds.implementaciones.UsuarioRepositorio.clearDatabase(UsuarioRepositorio.java:142)
	at uva.tds.gestorenpersistencia.GestorUsuarioConPersistenciaTest.limpiarBaseDeDatos(GestorUsuarioConPersistenciaTest.java:33)
	at java.base/java.lang.reflect.Method.invoke(Method.java:568)
	at java.base/java.util.ArrayList.forEach(ArrayList.java:1511)
	at java.base/java.util.ArrayList.forEach(ArrayList.java:1511)
Caused by: java.lang.ExceptionInInitializerError: Exception org.hibernate.service.spi.ServiceException: Unable to create requested service [org.hibernate.engine.jdbc.env.spi.JdbcEnvironment] [in thread "main"]
	at org.hibernate.service.internal.AbstractServiceRegistryImpl.createService(AbstractServiceRegistryImpl.java:275)
	at org.hibernate.service.internal.AbstractServiceRegistryImpl.initializeService(AbstractServiceRegistryImpl.java:237)
	at org.hibernate.service.internal.AbstractServiceRegistryImpl.getService(AbstractServiceRegistryImpl.java:214)
	at org.hibernate.id.factory.internal.DefaultIdentifierGeneratorFactory.injectServices(DefaultIdentifierGeneratorFactory.java:175)
	at org.hibernate.service.internal.AbstractServiceRegistryImpl.injectDependencies(AbstractServiceRegistryImpl.java:286)
	at org.hibernate.service.internal.AbstractServiceRegistryImpl.initializeService(AbstractServiceRegistryImpl.java:243)
	at org.hibernate.service.internal.AbstractServiceRegistryImpl.getService(AbstractServiceRegistryImpl.java:214)
	at org.hibernate.boot.internal.InFlightMetadataCollectorImpl.<init>(InFlightMetadataCollectorImpl.java:173)
	at org.hibernate.boot.model.process.spi.MetadataBuildingProcess.complete(MetadataBuildingProcess.java:127)
	at org.hibernate.boot.model.process.spi.MetadataBuildingProcess.build(MetadataBuildingProcess.java:86)
	at org.hibernate.boot.internal.MetadataBuilderImpl.build(MetadataBuilderImpl.java:479)
	at org.hibernate.boot.internal.MetadataBuilderImpl.build(MetadataBuilderImpl.java:85)
	at org.hibernate.boot.MetadataSources.buildMetadata(MetadataSources.java:202)
	at uva.tds.base.HibernateUtil.buildSessionFactory(HibernateUtil.java:18)
	at uva.tds.base.HibernateUtil.<clinit>(HibernateUtil.java:9)
	at uva.tds.implementaciones.RecompensaRepositorio.getSession(RecompensaRepositorio.java:21)
	at uva.tds.implementaciones.RecompensaRepositorio.clearDatabase(RecompensaRepositorio.java:179)
	at uva.tds.gestorenpersistencia.GestorRecompensaEnPersistenciaTest.limpiarBaseDeDatos(GestorRecompensaEnPersistenciaTest.java:39)
	... 3 more

uva.tds.gestorenpersistencia.GestorUsuarioConPersistenciaTest.testRegistrarUsuarioMismoNif -- Time elapsed: 0.001 s <<< ERROR!
java.lang.NoClassDefFoundError: Could not initialize class uva.tds.base.HibernateUtil
	at uva.tds.implementaciones.UsuarioRepositorio.getSession(UsuarioRepositorio.java:20)
	at uva.tds.implementaciones.UsuarioRepositorio.clearDatabase(UsuarioRepositorio.java:142)
	at uva.tds.gestorenpersistencia.GestorUsuarioConPersistenciaTest.limpiarBaseDeDatos(GestorUsuarioConPersistenciaTest.java:33)
	at java.base/java.lang.reflect.Method.invoke(Method.java:568)
	at java.base/java.util.ArrayList.forEach(ArrayList.java:1511)
	at java.base/java.util.ArrayList.forEach(ArrayList.java:1511)
Caused by: java.lang.ExceptionInInitializerError: Exception org.hibernate.service.spi.ServiceException: Unable to create requested service [org.hibernate.engine.jdbc.env.spi.JdbcEnvironment] [in thread "main"]
	at org.hibernate.service.internal.AbstractServiceRegistryImpl.createService(AbstractServiceRegistryImpl.java:275)
	at org.hibernate.service.internal.AbstractServiceRegistryImpl.initializeService(AbstractServiceRegistryImpl.java:237)
	at org.hibernate.service.internal.AbstractServiceRegistryImpl.getService(AbstractServiceRegistryImpl.java:214)
	at org.hibernate.id.factory.internal.DefaultIdentifierGeneratorFactory.injectServices(DefaultIdentifierGeneratorFactory.java:175)
	at org.hibernate.service.internal.AbstractServiceRegistryImpl.injectDependencies(AbstractServiceRegistryImpl.java:286)
	at org.hibernate.service.internal.AbstractServiceRegistryImpl.initializeService(AbstractServiceRegistryImpl.java:243)
	at org.hibernate.service.internal.AbstractServiceRegistryImpl.getService(AbstractServiceRegistryImpl.java:214)
	at org.hibernate.boot.internal.InFlightMetadataCollectorImpl.<init>(InFlightMetadataCollectorImpl.java:173)
	at org.hibernate.boot.model.process.spi.MetadataBuildingProcess.complete(MetadataBuildingProcess.java:127)
	at org.hibernate.boot.model.process.spi.MetadataBuildingProcess.build(MetadataBuildingProcess.java:86)
	at org.hibernate.boot.internal.MetadataBuilderImpl.build(MetadataBuilderImpl.java:479)
	at org.hibernate.boot.internal.MetadataBuilderImpl.build(MetadataBuilderImpl.java:85)
	at org.hibernate.boot.MetadataSources.buildMetadata(MetadataSources.java:202)
	at uva.tds.base.HibernateUtil.buildSessionFactory(HibernateUtil.java:18)
	at uva.tds.base.HibernateUtil.<clinit>(HibernateUtil.java:9)
	at uva.tds.implementaciones.RecompensaRepositorio.getSession(RecompensaRepositorio.java:21)
	at uva.tds.implementaciones.RecompensaRepositorio.clearDatabase(RecompensaRepositorio.java:179)
	at uva.tds.gestorenpersistencia.GestorRecompensaEnPersistenciaTest.limpiarBaseDeDatos(GestorRecompensaEnPersistenciaTest.java:39)
	... 3 more

